<?xml version="1.0" encoding="UTF-8" ?>
<testsuite errors="1" failures="0" hostname="kevinche-pc" name="PointTest" skipped="0" tests="1" time="0.0" timestamp="2020-05-07T21:42:12">
  <properties>
[...]
</properties>
  <error message="PointTest (wrong name: test/PointTest)" type="java.lang.NoClassDefFoundError">java.lang.NoClassDefFoundError: PointTest (wrong name: test/PointTest)
	at java.lang.ClassLoader.defineClass1(Native Method)
	at java.lang.ClassLoader.defineClass(ClassLoader.java:757)
	at java.lang.ClassLoader.loadClass(ClassLoader.java:352)
	at java.lang.Class.forName0(Native Method)
	at java.lang.Class.forName(Class.java:348)
</error>
  <system-out><![CDATA[]]></system-out>
  <system-err><![CDATA[]]></system-err>
</testsuite>
